<?xml version="1.0" encoding="UTF-8"?>
<!-- Generated by org.testng.reporters.JUnitXMLReporter -->
<testsuite ignored="2" hostname="DESKTOP-QFCL18R" failures="0" tests="1" name="Default test" time="24.706" errors="0" timestamp="2022-07-29T23:28:29 IST">
  <testcase classname="com.testCases.AdminPageTest" name="check_test_user" time="2.557"/>
  <testcase classname="com.testCases.AdminPageTest" name="cancleButtonWorking" time="0.0">
    <ignored/>
  </testcase> <!-- cancleButtonWorking -->
  <testcase classname="com.testCases.AdminPageTest" name="addUser" time="0.0">
    <ignored/>
  </testcase> <!-- addUser -->
</testsuite> <!-- Default test -->
