<?xml version="1.0" encoding="UTF-8"?>
<!-- Generated by org.testng.reporters.JUnitXMLReporter -->
<testsuite ignored="0" hostname="DESKTOP-QFCL18R" failures="0" tests="5" name="Test" time="96.829" errors="0" timestamp="2022-07-31T01:41:42 IST">
  <testcase classname="com.testCases.LoginPageTest" name="test_login" time="5.074"/>
  <testcase classname="com.testCases.LoginPageTest" name="test_forget_password" time="1.782"/>
  <testcase classname="com.testCases.AdminPageTest" name="addUser" time="4.684"/>
  <testcase classname="com.testCases.AdminPageTest" name="cancleButtonWorking" time="5.56"/>
  <testcase classname="com.testCases.AdminPageTest" name="check_test_user" time="2.683"/>
</testsuite> <!-- Test -->
