<?xml version="1.0" encoding="UTF-8"?>
<testng-results ignored="0" total="5" passed="5" failed="0" skipped="0">
  <reporter-output>
  </reporter-output>
  <suite started-at="2022-07-31T01:40:06 IST" name="Suite" finished-at="2022-07-31T01:41:42 IST" duration-ms="96829">
    <groups>
      <group name="smoke">
        <method signature="LoginPageTest.test_login()[pri:1, instance:com.testCases.LoginPageTest@71687585]" name="test_login" class="com.testCases.LoginPageTest"/>
      </group> <!-- smoke -->
      <group name="sanity">
        <method signature="LoginPageTest.test_login()[pri:1, instance:com.testCases.LoginPageTest@71687585]" name="test_login" class="com.testCases.LoginPageTest"/>
      </group> <!-- sanity -->
    </groups>
    <test started-at="2022-07-31T01:40:06 IST" name="Test" finished-at="2022-07-31T01:41:42 IST" duration-ms="96829">
      <class name="com.testCases.LoginPageTest">
        <test-method is-config="true" signature="init()[pri:0, instance:com.testCases.LoginPageTest@71687585]" started-at="2022-07-31T01:40:06 IST" name="init" finished-at="2022-07-31T01:40:12 IST" duration-ms="6275" status="PASS">
          <reporter-output>
          </reporter-output>
        </test-method> <!-- init -->
        <test-method signature="test_login()[pri:1, instance:com.testCases.LoginPageTest@71687585]" started-at="2022-07-31T01:40:12 IST" name="test_login" finished-at="2022-07-31T01:40:17 IST" duration-ms="5074" status="PASS">
          <reporter-output>
          </reporter-output>
        </test-method> <!-- test_login -->
        <test-method is-config="true" signature="tearDown()[pri:0, instance:com.testCases.LoginPageTest@71687585]" started-at="2022-07-31T01:40:17 IST" name="tearDown" finished-at="2022-07-31T01:40:19 IST" duration-ms="2467" status="PASS">
          <reporter-output>
          </reporter-output>
        </test-method> <!-- tearDown -->
        <test-method is-config="true" signature="init()[pri:0, instance:com.testCases.LoginPageTest@71687585]" started-at="2022-07-31T01:40:19 IST" name="init" finished-at="2022-07-31T01:40:24 IST" duration-ms="4915" status="PASS">
          <reporter-output>
          </reporter-output>
        </test-method> <!-- init -->
        <test-method signature="test_forget_password()[pri:2, instance:com.testCases.LoginPageTest@71687585]" started-at="2022-07-31T01:40:24 IST" name="test_forget_password" finished-at="2022-07-31T01:40:26 IST" duration-ms="1782" status="PASS">
          <reporter-output>
          </reporter-output>
        </test-method> <!-- test_forget_password -->
        <test-method is-config="true" signature="tearDown()[pri:0, instance:com.testCases.LoginPageTest@71687585]" started-at="2022-07-31T01:40:26 IST" name="tearDown" finished-at="2022-07-31T01:40:28 IST" duration-ms="2138" status="PASS">
          <reporter-output>
          </reporter-output>
        </test-method> <!-- tearDown -->
      </class> <!-- com.testCases.LoginPageTest -->
      <class name="com.testCases.AdminPageTest">
        <test-method is-config="true" signature="AdminPageTest()[pri:0, instance:com.testCases.AdminPageTest@4470fbd6]" started-at="2022-07-31T01:40:28 IST" name="AdminPageTest" finished-at="2022-07-31T01:40:38 IST" duration-ms="10120" status="PASS">
          <reporter-output>
          </reporter-output>
        </test-method> <!-- AdminPageTest -->
        <test-method signature="addUser()[pri:0, instance:com.testCases.AdminPageTest@4470fbd6]" started-at="2022-07-31T01:40:38 IST" name="addUser" finished-at="2022-07-31T01:40:43 IST" duration-ms="4684" status="PASS">
          <reporter-output>
          </reporter-output>
        </test-method> <!-- addUser -->
        <test-method is-config="true" signature="tearDown()[pri:0, instance:com.testCases.AdminPageTest@4470fbd6]" started-at="2022-07-31T01:40:43 IST" name="tearDown" finished-at="2022-07-31T01:40:53 IST" duration-ms="10173" status="PASS">
          <reporter-output>
          </reporter-output>
        </test-method> <!-- tearDown -->
        <test-method is-config="true" signature="AdminPageTest()[pri:0, instance:com.testCases.AdminPageTest@4470fbd6]" started-at="2022-07-31T01:40:53 IST" name="AdminPageTest" finished-at="2022-07-31T01:41:04 IST" duration-ms="10672" status="PASS">
          <reporter-output>
          </reporter-output>
        </test-method> <!-- AdminPageTest -->
        <test-method signature="cancleButtonWorking()[pri:0, instance:com.testCases.AdminPageTest@4470fbd6]" started-at="2022-07-31T01:41:04 IST" name="cancleButtonWorking" finished-at="2022-07-31T01:41:09 IST" duration-ms="5560" status="PASS">
          <reporter-output>
          </reporter-output>
        </test-method> <!-- cancleButtonWorking -->
        <test-method is-config="true" signature="tearDown()[pri:0, instance:com.testCases.AdminPageTest@4470fbd6]" started-at="2022-07-31T01:41:09 IST" name="tearDown" finished-at="2022-07-31T01:41:20 IST" duration-ms="10126" status="PASS">
          <reporter-output>
          </reporter-output>
        </test-method> <!-- tearDown -->
        <test-method is-config="true" signature="AdminPageTest()[pri:0, instance:com.testCases.AdminPageTest@4470fbd6]" started-at="2022-07-31T01:41:20 IST" name="AdminPageTest" finished-at="2022-07-31T01:41:29 IST" duration-ms="9938" status="PASS">
          <reporter-output>
          </reporter-output>
        </test-method> <!-- AdminPageTest -->
        <test-method signature="check_test_user()[pri:0, instance:com.testCases.AdminPageTest@4470fbd6]" started-at="2022-07-31T01:41:29 IST" name="check_test_user" finished-at="2022-07-31T01:41:32 IST" duration-ms="2683" status="PASS">
          <reporter-output>
          </reporter-output>
        </test-method> <!-- check_test_user -->
        <test-method is-config="true" signature="tearDown()[pri:0, instance:com.testCases.AdminPageTest@4470fbd6]" started-at="2022-07-31T01:41:32 IST" name="tearDown" finished-at="2022-07-31T01:41:42 IST" duration-ms="10172" status="PASS">
          <reporter-output>
          </reporter-output>
        </test-method> <!-- tearDown -->
      </class> <!-- com.testCases.AdminPageTest -->
    </test> <!-- Test -->
  </suite> <!-- Suite -->
</testng-results>
